# JRE version: OpenJDK Runtime Environment Corretto-11.0.17.8.1 (11.0.17+8) (build 11.0.17+8-LTS)
# Java VM: OpenJDK 64-Bit Server VM Corretto-11.0.17.8.1 (11.0.17+8-LTS, mixed mode, tiered, compressed oops, g1 gc, windows-amd64)
Heap:
 garbage-first heap   total 155648K, used 39033K [0x0000000082000000, 0x0000000100000000)
  region size 1024K, 8 young (8192K), 7 survivors (7168K)
 Metaspace       used 61377K, capacity 63268K, committed 63532K, reserved 1103872K
  class space    used 7469K, capacity 8209K, committed 8320K, reserved 1048576K
GC Heap History (20 events):
Event: 1.714 GC heap before
{Heap before GC invocations=1 (full 0):
 garbage-first heap   total 129024K, used 26120K [0x0000000082000000, 0x0000000100000000)
  region size 1024K, 20 young (20480K), 3 survivors (3072K)
 Metaspace       used 14297K, capacity 14673K, committed 14848K, reserved 1062912K
  class space    used 1549K, capacity 1683K, committed 1792K, reserved 1048576K
}
Event: 1.719 GC heap after
{Heap after GC invocations=2 (full 0):
 garbage-first heap   total 129024K, used 9344K [0x0000000082000000, 0x0000000100000000)
  region size 1024K, 1 young (1024K), 1 survivors (1024K)
 Metaspace       used 14297K, capacity 14673K, committed 14848K, reserved 1062912K
  class space    used 1549K, capacity 1683K, committed 1792K, reserved 1048576K
}
Event: 2.681 GC heap before
{Heap before GC invocations=2 (full 0):
 garbage-first heap   total 129024K, used 52352K [0x0000000082000000, 0x0000000100000000)
  region size 1024K, 44 young (45056K), 1 survivors (1024K)
 Metaspace       used 20451K, capacity 21025K, committed 21248K, reserved 1069056K
  class space    used 2310K, capacity 2540K, committed 2560K, reserved 1048576K
}
Event: 2.687 GC heap after
{Heap after GC invocations=3 (full 0):
 garbage-first heap   total 129024K, used 11807K [0x0000000082000000, 0x0000000100000000)
  region size 1024K, 3 young (3072K), 3 survivors (3072K)
 Metaspace       used 20451K, capacity 21025K, committed 21248K, reserved 1069056K
  class space    used 2310K, capacity 2540K, committed 2560K, reserved 1048576K
}
Event: 3.633 GC heap before
{Heap before GC invocations=4 (full 0):
 garbage-first heap   total 129024K, used 66079K [0x0000000082000000, 0x0000000100000000)
  region size 1024K, 56 young (57344K), 3 survivors (3072K)
 Metaspace       used 27576K, capacity 28522K, committed 28800K, reserved 1075200K
  class space    used 3226K, capacity 3594K, committed 3712K, reserved 1048576K
}
Event: 3.642 GC heap after
{Heap after GC invocations=5 (full 0):
 garbage-first heap   total 129024K, used 13715K [0x0000000082000000, 0x0000000100000000)
  region size 1024K, 5 young (5120K), 5 survivors (5120K)
 Metaspace       used 27576K, capacity 28522K, committed 28800K, reserved 1075200K
  class space    used 3226K, capacity 3594K, committed 3712K, reserved 1048576K
}
Event: 4.417 GC heap before
{Heap before GC invocations=5 (full 0):
 garbage-first heap   total 129024K, used 74131K [0x0000000082000000, 0x0000000100000000)
  region size 1024K, 64 young (65536K), 5 survivors (5120K)
 Metaspace       used 31571K, capacity 32594K, committed 32896K, reserved 1077248K
  class space    used 3702K, capacity 4122K, committed 4224K, reserved 1048576K
}
Event: 4.429 GC heap after
{Heap after GC invocations=6 (full 0):
 garbage-first heap   total 129024K, used 16067K [0x0000000082000000, 0x0000000100000000)
  region size 1024K, 5 young (5120K), 5 survivors (5120K)
 Metaspace       used 31571K, capacity 32594K, committed 32896K, reserved 1077248K
  class space    used 3702K, capacity 4122K, committed 4224K, reserved 1048576K
}
Event: 5.454 GC heap before
{Heap before GC invocations=6 (full 0):
 garbage-first heap   total 129024K, used 69315K [0x0000000082000000, 0x0000000100000000)
  region size 1024K, 59 young (60416K), 5 survivors (5120K)
 Metaspace       used 34326K, capacity 35510K, committed 35628K, reserved 1081344K
  class space    used 3992K, capacity 4450K, committed 4480K, reserved 1048576K
}
Event: 5.467 GC heap after
{Heap after GC invocations=7 (full 0):
 garbage-first heap   total 129024K, used 17114K [0x0000000082000000, 0x0000000100000000)
  region size 1024K, 6 young (6144K), 6 survivors (6144K)
 Metaspace       used 34326K, capacity 35510K, committed 35628K, reserved 1081344K
  class space    used 3992K, capacity 4450K, committed 4480K, reserved 1048576K
}
Event: 6.829 GC heap before
{Heap before GC invocations=8 (full 0):
 garbage-first heap   total 129024K, used 84698K [0x0000000082000000, 0x0000000100000000)
  region size 1024K, 72 young (73728K), 6 survivors (6144K)
 Metaspace       used 38880K, capacity 40186K, committed 40492K, reserved 1085440K
  class space    used 4631K, capacity 5147K, committed 5248K, reserved 1048576K
}
Event: 6.843 GC heap after
{Heap after GC invocations=9 (full 0):
 garbage-first heap   total 155648K, used 19395K [0x0000000082000000, 0x0000000100000000)
  region size 1024K, 6 young (6144K), 6 survivors (6144K)
 Metaspace       used 38880K, capacity 40186K, committed 40492K, reserved 1085440K
  class space    used 4631K, capacity 5147K, committed 5248K, reserved 1048576K
}
Event: 9.822 GC heap before
{Heap before GC invocations=9 (full 0):
 garbage-first heap   total 155648K, used 106435K [0x0000000082000000, 0x0000000100000000)
  region size 1024K, 91 young (93184K), 6 survivors (6144K)
 Metaspace       used 45853K, capacity 47408K, committed 47532K, reserved 1091584K
  class space    used 5514K, capacity 6134K, committed 6144K, reserved 1048576K
}
Event: 9.839 GC heap after
{Heap after GC invocations=10 (full 0):
 garbage-first heap   total 155648K, used 23231K [0x0000000082000000, 0x0000000100000000)
  region size 1024K, 10 young (10240K), 10 survivors (10240K)
 Metaspace       used 45853K, capacity 47408K, committed 47532K, reserved 1091584K
  class space    used 5514K, capacity 6134K, committed 6144K, reserved 1048576K
}
Event: 13.591 GC heap before
{Heap before GC invocations=10 (full 0):
 garbage-first heap   total 155648K, used 111295K [0x0000000082000000, 0x0000000100000000)
  region size 1024K, 91 young (93184K), 10 survivors (10240K)
 Metaspace       used 54283K, capacity 55921K, committed 56108K, reserved 1097728K
  class space    used 6512K, capacity 7174K, committed 7296K, reserved 1048576K
}
Event: 13.620 GC heap after
{Heap after GC invocations=11 (full 0):
 garbage-first heap   total 155648K, used 26820K [0x0000000082000000, 0x0000000100000000)
  region size 1024K, 8 young (8192K), 8 survivors (8192K)
 Metaspace       used 54283K, capacity 55921K, committed 56108K, reserved 1097728K
  class space    used 6512K, capacity 7174K, committed 7296K, reserved 1048576K
}
Event: 16.535 GC heap before
{Heap before GC invocations=11 (full 0):
 garbage-first heap   total 155648K, used 63684K [0x0000000082000000, 0x0000000100000000)
  region size 1024K, 45 young (46080K), 8 survivors (8192K)
 Metaspace       used 57808K, capacity 59546K, committed 59596K, reserved 1101824K
  class space    used 6954K, capacity 7656K, committed 7680K, reserved 1048576K
}
Event: 16.553 GC heap after
{Heap after GC invocations=12 (full 0):
 garbage-first heap   total 155648K, used 33141K [0x0000000082000000, 0x0000000100000000)
  region size 1024K, 10 young (10240K), 10 survivors (10240K)
 Metaspace       used 57808K, capacity 59546K, committed 59596K, reserved 1101824K
  class space    used 6954K, capacity 7656K, committed 7680K, reserved 1048576K
}
Event: 18.186 GC heap before
{Heap before GC invocations=13 (full 0):
 garbage-first heap   total 155648K, used 99701K [0x0000000082000000, 0x0000000100000000)
  region size 1024K, 76 young (77824K), 10 survivors (10240K)
 Metaspace       used 61377K, capacity 63268K, committed 63532K, reserved 1103872K
  class space    used 7469K, capacity 8209K, committed 8320K, reserved 1048576K
}
Event: 18.206 GC heap after
{Heap after GC invocations=14 (full 0):
 garbage-first heap   total 155648K, used 39033K [0x0000000082000000, 0x0000000100000000)
  region size 1024K, 7 young (7168K), 7 survivors (7168K)
 Metaspace       used 61377K, capacity 63268K, committed 63532K, reserved 1103872K
  class space    used 7469K, capacity 8209K, committed 8320K, reserved 1048576K
}

