# JRE version: OpenJDK Runtime Environment Corretto-11.0.17.8.1 (11.0.17+8) (build 11.0.17+8-LTS)
# Java VM: OpenJDK 64-Bit Server VM Corretto-11.0.17.8.1 (11.0.17+8-LTS, mixed mode, tiered, compressed oops, g1 gc, windows-amd64)
Heap:
 garbage-first heap   total 155648K, used 29196K [0x0000000082000000, 0x0000000100000000)
  region size 1024K, 5 young (5120K), 5 survivors (5120K)
 Metaspace       used 68171K, capacity 69916K, committed 70016K, reserved 1122304K
  class space    used 8571K, capacity 9295K, committed 9344K, reserved 1048576K
GC Heap History (20 events):
Event: 3.389 GC heap before
{Heap before GC invocations=3 (full 0):
 garbage-first heap   total 129024K, used 28224K [0x0000000082000000, 0x0000000100000000)
  region size 1024K, 22 young (22528K), 6 survivors (6144K)
 Metaspace       used 22119K, capacity 22962K, committed 23168K, reserved 1069056K
  class space    used 2575K, capacity 2894K, committed 2944K, reserved 1048576K
}
Event: 3.398 GC heap after
{Heap after GC invocations=4 (full 0):
 garbage-first heap   total 129024K, used 12770K [0x0000000082000000, 0x0000000100000000)
  region size 1024K, 1 young (1024K), 1 survivors (1024K)
 Metaspace       used 22119K, capacity 22962K, committed 23168K, reserved 1069056K
  class space    used 2575K, capacity 2894K, committed 2944K, reserved 1048576K
}
Event: 3.940 GC heap before
{Heap before GC invocations=4 (full 0):
 garbage-first heap   total 129024K, used 69090K [0x0000000082000000, 0x0000000100000000)
  region size 1024K, 56 young (57344K), 1 survivors (1024K)
 Metaspace       used 29004K, capacity 29936K, committed 30080K, reserved 1075200K
  class space    used 3503K, capacity 3850K, committed 3968K, reserved 1048576K
}
Event: 3.947 GC heap after
{Heap after GC invocations=5 (full 0):
 garbage-first heap   total 129024K, used 14389K [0x0000000082000000, 0x0000000100000000)
  region size 1024K, 3 young (3072K), 3 survivors (3072K)
 Metaspace       used 29004K, capacity 29936K, committed 30080K, reserved 1075200K
  class space    used 3503K, capacity 3850K, committed 3968K, reserved 1048576K
}
Event: 4.587 GC heap before
{Heap before GC invocations=5 (full 0):
 garbage-first heap   total 129024K, used 73781K [0x0000000082000000, 0x0000000100000000)
  region size 1024K, 62 young (63488K), 3 survivors (3072K)
 Metaspace       used 33459K, capacity 34444K, committed 34688K, reserved 1079296K
  class space    used 4015K, capacity 4398K, committed 4480K, reserved 1048576K
}
Event: 4.595 GC heap after
{Heap after GC invocations=6 (full 0):
 garbage-first heap   total 129024K, used 16471K [0x0000000082000000, 0x0000000100000000)
  region size 1024K, 5 young (5120K), 5 survivors (5120K)
 Metaspace       used 33459K, capacity 34444K, committed 34688K, reserved 1079296K
  class space    used 4015K, capacity 4398K, committed 4480K, reserved 1048576K
}
Event: 5.087 GC heap before
{Heap before GC invocations=6 (full 0):
 garbage-first heap   total 129024K, used 42071K [0x0000000082000000, 0x0000000100000000)
  region size 1024K, 31 young (31744K), 5 survivors (5120K)
 Metaspace       used 34717K, capacity 35746K, committed 35840K, reserved 1081344K
  class space    used 4154K, capacity 4572K, committed 4608K, reserved 1048576K
}
Event: 5.097 GC heap after
{Heap after GC invocations=7 (full 0):
 garbage-first heap   total 129024K, used 16866K [0x0000000082000000, 0x0000000100000000)
  region size 1024K, 5 young (5120K), 5 survivors (5120K)
 Metaspace       used 34717K, capacity 35746K, committed 35840K, reserved 1081344K
  class space    used 4154K, capacity 4572K, committed 4608K, reserved 1048576K
}
Event: 6.264 GC heap before
{Heap before GC invocations=8 (full 0):
 garbage-first heap   total 129024K, used 77282K [0x0000000082000000, 0x0000000100000000)
  region size 1024K, 65 young (66560K), 5 survivors (5120K)
 Metaspace       used 40360K, capacity 41602K, committed 41728K, reserved 1085440K
  class space    used 4812K, capacity 5309K, committed 5376K, reserved 1048576K
}
Event: 6.276 GC heap after
{Heap after GC invocations=9 (full 0):
 garbage-first heap   total 129024K, used 19119K [0x0000000082000000, 0x0000000100000000)
  region size 1024K, 7 young (7168K), 7 survivors (7168K)
 Metaspace       used 40360K, capacity 41602K, committed 41728K, reserved 1085440K
  class space    used 4812K, capacity 5309K, committed 5376K, reserved 1048576K
}
Event: 7.786 GC heap before
{Heap before GC invocations=9 (full 0):
 garbage-first heap   total 129024K, used 81583K [0x0000000082000000, 0x0000000100000000)
  region size 1024K, 68 young (69632K), 7 survivors (7168K)
 Metaspace       used 46114K, capacity 47598K, committed 47872K, reserved 1091584K
  class space    used 5550K, capacity 6124K, committed 6144K, reserved 1048576K
}
Event: 7.817 GC heap after
{Heap after GC invocations=10 (full 0):
 garbage-first heap   total 155648K, used 21915K [0x0000000082000000, 0x0000000100000000)
  region size 1024K, 8 young (8192K), 8 survivors (8192K)
 Metaspace       used 46114K, capacity 47598K, committed 47872K, reserved 1091584K
  class space    used 5550K, capacity 6124K, committed 6144K, reserved 1048576K
}
Event: 9.360 GC heap before
{Heap before GC invocations=10 (full 0):
 garbage-first heap   total 155648K, used 106907K [0x0000000082000000, 0x0000000100000000)
  region size 1024K, 87 young (89088K), 8 survivors (8192K)
 Metaspace       used 53621K, capacity 55281K, committed 55424K, reserved 1097728K
  class space    used 6603K, capacity 7244K, committed 7296K, reserved 1048576K
}
Event: 9.379 GC heap after
{Heap after GC invocations=11 (full 0):
 garbage-first heap   total 155648K, used 24673K [0x0000000082000000, 0x0000000100000000)
  region size 1024K, 9 young (9216K), 9 survivors (9216K)
 Metaspace       used 53621K, capacity 55281K, committed 55424K, reserved 1097728K
  class space    used 6603K, capacity 7244K, committed 7296K, reserved 1048576K
}
Event: 9.833 GC heap before
{Heap before GC invocations=11 (full 0):
 garbage-first heap   total 155648K, used 39009K [0x0000000082000000, 0x0000000100000000)
  region size 1024K, 24 young (24576K), 9 survivors (9216K)
 Metaspace       used 58400K, capacity 60057K, committed 60160K, reserved 1101824K
  class space    used 7194K, capacity 7853K, committed 7936K, reserved 1048576K
}
Event: 9.844 GC heap after
{Heap after GC invocations=12 (full 0):
 garbage-first heap   total 155648K, used 26419K [0x0000000082000000, 0x0000000100000000)
  region size 1024K, 8 young (8192K), 8 survivors (8192K)
 Metaspace       used 58400K, capacity 60057K, committed 60160K, reserved 1101824K
  class space    used 7194K, capacity 7853K, committed 7936K, reserved 1048576K
}
Event: 12.044 GC heap before
{Heap before GC invocations=13 (full 0):
 garbage-first heap   total 155648K, used 110387K [0x0000000082000000, 0x0000000100000000)
  region size 1024K, 91 young (93184K), 8 survivors (8192K)
 Metaspace       used 67616K, capacity 69388K, committed 69760K, reserved 1110016K
  class space    used 8526K, capacity 9225K, committed 9344K, reserved 1048576K
}
Event: 12.055 GC heap after
{Heap after GC invocations=14 (full 0):
 garbage-first heap   total 155648K, used 28645K [0x0000000082000000, 0x0000000100000000)
  region size 1024K, 7 young (7168K), 7 survivors (7168K)
 Metaspace       used 67616K, capacity 69388K, committed 69760K, reserved 1110016K
  class space    used 8526K, capacity 9225K, committed 9344K, reserved 1048576K
}
Event: 12.283 GC heap before
{Heap before GC invocations=14 (full 0):
 garbage-first heap   total 155648K, used 39909K [0x0000000082000000, 0x0000000100000000)
  region size 1024K, 19 young (19456K), 7 survivors (7168K)
 Metaspace       used 68171K, capacity 69916K, committed 70016K, reserved 1120256K
  class space    used 8571K, capacity 9295K, committed 9344K, reserved 1048576K
}
Event: 12.292 GC heap after
{Heap after GC invocations=15 (full 0):
 garbage-first heap   total 155648K, used 29196K [0x0000000082000000, 0x0000000100000000)
  region size 1024K, 5 young (5120K), 5 survivors (5120K)
 Metaspace       used 68171K, capacity 69916K, committed 70016K, reserved 1120256K
  class space    used 8571K, capacity 9295K, committed 9344K, reserved 1048576K
}

