# JRE version: OpenJDK Runtime Environment Corretto-11.0.17.8.1 (11.0.17+8) (build 11.0.17+8-LTS)
# Java VM: OpenJDK 64-Bit Server VM Corretto-11.0.17.8.1 (11.0.17+8-LTS, mixed mode, tiered, compressed oops, g1 gc, windows-amd64)
Heap:
 garbage-first heap   total 155648K, used 19141K [0x0000000082000000, 0x0000000100000000)
  region size 1024K, 6 young (6144K), 6 survivors (6144K)
 Metaspace       used 38734K, capacity 39975K, committed 40236K, reserved 1085440K
  class space    used 4610K, capacity 5141K, committed 5248K, reserved 1048576K
GC Heap History (13 events):
Event: 2.218 GC heap before
{Heap before GC invocations=0 (full 0):
 garbage-first heap   total 129024K, used 24576K [0x0000000082000000, 0x0000000100000000)
  region size 1024K, 24 young (24576K), 0 survivors (0K)
 Metaspace       used 11953K, capacity 12229K, committed 12416K, reserved 1060864K
  class space    used 1208K, capacity 1335K, committed 1408K, reserved 1048576K
}
Event: 2.275 GC heap after
{Heap after GC invocations=1 (full 0):
 garbage-first heap   total 129024K, used 8821K [0x0000000082000000, 0x0000000100000000)
  region size 1024K, 3 young (3072K), 3 survivors (3072K)
 Metaspace       used 11953K, capacity 12229K, committed 12416K, reserved 1060864K
  class space    used 1208K, capacity 1335K, committed 1408K, reserved 1048576K
}
Event: 3.020 GC heap before
{Heap before GC invocations=1 (full 0):
 garbage-first heap   total 129024K, used 28277K [0x0000000082000000, 0x0000000100000000)
  region size 1024K, 22 young (22528K), 3 survivors (3072K)
 Metaspace       used 14819K, capacity 15174K, committed 15360K, reserved 1062912K
  class space    used 1599K, capacity 1721K, committed 1792K, reserved 1048576K
}
Event: 3.025 GC heap after
{Heap after GC invocations=2 (full 0):
 garbage-first heap   total 129024K, used 9798K [0x0000000082000000, 0x0000000100000000)
  region size 1024K, 1 young (1024K), 1 survivors (1024K)
 Metaspace       used 14819K, capacity 15174K, committed 15360K, reserved 1062912K
  class space    used 1599K, capacity 1721K, committed 1792K, reserved 1048576K
}
Event: 5.332 GC heap before
{Heap before GC invocations=2 (full 0):
 garbage-first heap   total 129024K, used 51782K [0x0000000082000000, 0x0000000100000000)
  region size 1024K, 43 young (44032K), 1 survivors (1024K)
 Metaspace       used 20442K, capacity 21024K, committed 21248K, reserved 1069056K
  class space    used 2311K, capacity 2540K, committed 2560K, reserved 1048576K
}
Event: 5.339 GC heap after
{Heap after GC invocations=3 (full 0):
 garbage-first heap   total 129024K, used 11830K [0x0000000082000000, 0x0000000100000000)
  region size 1024K, 3 young (3072K), 3 survivors (3072K)
 Metaspace       used 20442K, capacity 21024K, committed 21248K, reserved 1069056K
  class space    used 2311K, capacity 2540K, committed 2560K, reserved 1048576K
}
Event: 6.839 GC heap before
{Heap before GC invocations=4 (full 0):
 garbage-first heap   total 129024K, used 64054K [0x0000000082000000, 0x0000000100000000)
  region size 1024K, 55 young (56320K), 3 survivors (3072K)
 Metaspace       used 27456K, capacity 28345K, committed 28416K, reserved 1075200K
  class space    used 3212K, capacity 3557K, committed 3584K, reserved 1048576K
}
Event: 6.869 GC heap after
{Heap after GC invocations=5 (full 0):
 garbage-first heap   total 129024K, used 13718K [0x0000000082000000, 0x0000000100000000)
  region size 1024K, 5 young (5120K), 5 survivors (5120K)
 Metaspace       used 27456K, capacity 28345K, committed 28416K, reserved 1075200K
  class space    used 3212K, capacity 3557K, committed 3584K, reserved 1048576K
}
Event: 8.131 GC heap before
{Heap before GC invocations=5 (full 0):
 garbage-first heap   total 129024K, used 73110K [0x0000000082000000, 0x0000000100000000)
  region size 1024K, 64 young (65536K), 5 survivors (5120K)
 Metaspace       used 30873K, capacity 31889K, committed 32000K, reserved 1077248K
  class space    used 3639K, capacity 4058K, committed 4096K, reserved 1048576K
}
Event: 8.145 GC heap after
{Heap after GC invocations=6 (full 0):
 garbage-first heap   total 129024K, used 16314K [0x0000000082000000, 0x0000000100000000)
  region size 1024K, 7 young (7168K), 7 survivors (7168K)
 Metaspace       used 30873K, capacity 31889K, committed 32000K, reserved 1077248K
  class space    used 3639K, capacity 4058K, committed 4096K, reserved 1048576K
}
Event: 10.894 GC heap before
{Heap before GC invocations=6 (full 0):
 garbage-first heap   total 129024K, used 71610K [0x0000000082000000, 0x0000000100000000)
  region size 1024K, 63 young (64512K), 7 survivors (7168K)
 Metaspace       used 34341K, capacity 35509K, committed 35628K, reserved 1081344K
  class space    used 3995K, capacity 4450K, committed 4480K, reserved 1048576K
}
Event: 10.912 GC heap after
{Heap after GC invocations=7 (full 0):
 garbage-first heap   total 129024K, used 16916K [0x0000000082000000, 0x0000000100000000)
  region size 1024K, 6 young (6144K), 6 survivors (6144K)
 Metaspace       used 34341K, capacity 35509K, committed 35628K, reserved 1081344K
  class space    used 3995K, capacity 4450K, committed 4480K, reserved 1048576K
}
Event: 13.072 GC heap before
{Heap before GC invocations=8 (full 0):
 garbage-first heap   total 129024K, used 84500K [0x0000000082000000, 0x0000000100000000)
  region size 1024K, 72 young (73728K), 6 survivors (6144K)
 Metaspace       used 38734K, capacity 39975K, committed 40236K, reserved 1085440K
  class space    used 4610K, capacity 5141K, committed 5248K, reserved 1048576K
}

