# JRE version: OpenJDK Runtime Environment Corretto-11.0.17.8.1 (11.0.17+8) (build 11.0.17+8-LTS)
# Java VM: OpenJDK 64-Bit Server VM Corretto-11.0.17.8.1 (11.0.17+8-LTS, mixed mode, tiered, compressed oops, g1 gc, windows-amd64)
Heap:
 garbage-first heap   total 155648K, used 22776K [0x0000000082000000, 0x0000000100000000)
  region size 1024K, 9 young (9216K), 9 survivors (9216K)
 Metaspace       used 46658K, capacity 48113K, committed 48208K, reserved 1099776K
  class space    used 5613K, capacity 6190K, committed 6272K, reserved 1048576K
GC Heap History (16 events):
Event: 1.370 GC heap before
{Heap before GC invocations=0 (full 0):
 garbage-first heap   total 129024K, used 26624K [0x0000000082000000, 0x0000000100000000)
  region size 1024K, 24 young (24576K), 0 survivors (0K)
 Metaspace       used 11980K, capacity 12285K, committed 12416K, reserved 1060864K
  class space    used 1209K, capacity 1335K, committed 1408K, reserved 1048576K
}
Event: 1.399 GC heap after
{Heap after GC invocations=1 (full 0):
 garbage-first heap   total 129024K, used 9156K [0x0000000082000000, 0x0000000100000000)
  region size 1024K, 3 young (3072K), 3 survivors (3072K)
 Metaspace       used 11980K, capacity 12285K, committed 12416K, reserved 1060864K
  class space    used 1209K, capacity 1335K, committed 1408K, reserved 1048576K
}
Event: 1.890 GC heap before
{Heap before GC invocations=1 (full 0):
 garbage-first heap   total 129024K, used 30660K [0x0000000082000000, 0x0000000100000000)
  region size 1024K, 24 young (24576K), 3 survivors (3072K)
 Metaspace       used 15109K, capacity 15423K, committed 15616K, reserved 1062912K
  class space    used 1628K, capacity 1763K, committed 1792K, reserved 1048576K
}
Event: 1.894 GC heap after
{Heap after GC invocations=2 (full 0):
 garbage-first heap   total 129024K, used 10032K [0x0000000082000000, 0x0000000100000000)
  region size 1024K, 2 young (2048K), 2 survivors (2048K)
 Metaspace       used 15109K, capacity 15423K, committed 15616K, reserved 1062912K
  class space    used 1628K, capacity 1763K, committed 1792K, reserved 1048576K
}
Event: 2.512 GC heap before
{Heap before GC invocations=2 (full 0):
 garbage-first heap   total 129024K, used 46896K [0x0000000082000000, 0x0000000100000000)
  region size 1024K, 39 young (39936K), 2 survivors (2048K)
 Metaspace       used 20515K, capacity 21136K, committed 21248K, reserved 1069056K
  class space    used 2313K, capacity 2533K, committed 2560K, reserved 1048576K
}
Event: 2.519 GC heap after
{Heap after GC invocations=3 (full 0):
 garbage-first heap   total 129024K, used 11818K [0x0000000082000000, 0x0000000100000000)
  region size 1024K, 3 young (3072K), 3 survivors (3072K)
 Metaspace       used 20515K, capacity 21136K, committed 21248K, reserved 1069056K
  class space    used 2313K, capacity 2533K, committed 2560K, reserved 1048576K
}
Event: 4.104 GC heap before
{Heap before GC invocations=4 (full 0):
 garbage-first heap   total 129024K, used 76330K [0x0000000082000000, 0x0000000100000000)
  region size 1024K, 66 young (67584K), 3 survivors (3072K)
 Metaspace       used 27941K, capacity 28865K, committed 29052K, reserved 1075200K
  class space    used 3367K, capacity 3706K, committed 3712K, reserved 1048576K
}
Event: 4.121 GC heap after
{Heap after GC invocations=5 (full 0):
 garbage-first heap   total 129024K, used 13944K [0x0000000082000000, 0x0000000100000000)
  region size 1024K, 5 young (5120K), 5 survivors (5120K)
 Metaspace       used 27941K, capacity 28865K, committed 29052K, reserved 1075200K
  class space    used 3367K, capacity 3706K, committed 3712K, reserved 1048576K
}
Event: 5.112 GC heap before
{Heap before GC invocations=5 (full 0):
 garbage-first heap   total 129024K, used 81528K [0x0000000082000000, 0x0000000100000000)
  region size 1024K, 72 young (73728K), 5 survivors (5120K)
 Metaspace       used 33461K, capacity 34503K, committed 34684K, reserved 1079296K
  class space    used 4007K, capacity 4397K, committed 4480K, reserved 1048576K
}
Event: 5.124 GC heap after
{Heap after GC invocations=6 (full 0):
 garbage-first heap   total 129024K, used 16338K [0x0000000082000000, 0x0000000100000000)
  region size 1024K, 7 young (7168K), 7 survivors (7168K)
 Metaspace       used 33461K, capacity 34503K, committed 34684K, reserved 1079296K
  class space    used 4007K, capacity 4397K, committed 4480K, reserved 1048576K
}
Event: 5.559 GC heap before
{Heap before GC invocations=6 (full 0):
 garbage-first heap   total 129024K, used 45010K [0x0000000082000000, 0x0000000100000000)
  region size 1024K, 36 young (36864K), 7 survivors (7168K)
 Metaspace       used 34874K, capacity 35948K, committed 36048K, reserved 1081344K
  class space    used 4164K, capacity 4575K, committed 4608K, reserved 1048576K
}
Event: 5.572 GC heap after
{Heap after GC invocations=7 (full 0):
 garbage-first heap   total 155648K, used 16696K [0x0000000082000000, 0x0000000100000000)
  region size 1024K, 5 young (5120K), 5 survivors (5120K)
 Metaspace       used 34874K, capacity 35948K, committed 36048K, reserved 1081344K
  class space    used 4164K, capacity 4575K, committed 4608K, reserved 1048576K
}
Event: 7.281 GC heap before
{Heap before GC invocations=8 (full 0):
 garbage-first heap   total 155648K, used 94520K [0x0000000082000000, 0x0000000100000000)
  region size 1024K, 82 young (83968K), 5 survivors (5120K)
 Metaspace       used 41743K, capacity 43100K, committed 43216K, reserved 1087488K
  class space    used 5003K, capacity 5521K, committed 5632K, reserved 1048576K
}
Event: 7.295 GC heap after
{Heap after GC invocations=9 (full 0):
 garbage-first heap   total 155648K, used 19750K [0x0000000082000000, 0x0000000100000000)
  region size 1024K, 8 young (8192K), 8 survivors (8192K)
 Metaspace       used 41743K, capacity 43100K, committed 43216K, reserved 1087488K
  class space    used 5003K, capacity 5521K, committed 5632K, reserved 1048576K
}
Event: 8.983 GC heap before
{Heap before GC invocations=9 (full 0):
 garbage-first heap   total 155648K, used 82214K [0x0000000082000000, 0x0000000100000000)
  region size 1024K, 65 young (66560K), 8 survivors (8192K)
 Metaspace       used 46658K, capacity 48113K, committed 48208K, reserved 1097728K
  class space    used 5613K, capacity 6190K, committed 6272K, reserved 1048576K
}
Event: 9.005 GC heap after
{Heap after GC invocations=10 (full 0):
 garbage-first heap   total 155648K, used 22776K [0x0000000082000000, 0x0000000100000000)
  region size 1024K, 9 young (9216K), 9 survivors (9216K)
 Metaspace       used 46658K, capacity 48113K, committed 48208K, reserved 1097728K
  class space    used 5613K, capacity 6190K, committed 6272K, reserved 1048576K
}

